<?xml version="1.0" encoding="UTF-8"?>
<!-- Generated by org.testng.reporters.JUnitReportReporter -->
<testsuite hostname="DESKTOP-A766M3G" failures="0" tests="1" name="MainPackage.Dataproperty" time="45.726" errors="0" timestamp="11 Jul 2020 04:51:15 GMT" skipped="0">
  <testcase classname="MainPackage.Dataproperty" name="handlepropertyfile" time="45.726"/>
</testsuite> <!-- MainPackage.Dataproperty -->
