<?xml version="1.0" encoding="UTF-8"?>
<!-- Generated by org.testng.reporters.JUnitReportReporter -->
<testsuite hostname="DESKTOP-A766M3G" failures="0" tests="9" name="MainPackage.FirstTestinTestNG" time="0.037" errors="0" timestamp="04 Jul 2020 06:50:54 GMT" skipped="0">
  <testcase classname="MainPackage.FirstTestinTestNG" name="getTitle2" time="0.004"/>
  <testcase classname="MainPackage.FirstTestinTestNG" name="getTitle3" time="0.006"/>
  <testcase classname="MainPackage.FirstTestinTestNG" name="getTitle" time="0.003"/>
  <testcase classname="MainPackage.FirstTestinTestNG" name="validateHomepage2" time="0.002"/>
  <testcase classname="MainPackage.FirstTestinTestNG" name="validateHomepage3" time="0.003"/>
  <testcase classname="MainPackage.FirstTestinTestNG" name="validateHomepage" time="0.005"/>
  <testcase classname="MainPackage.FirstTestinTestNG" name="clickonprofilebutton3" time="0.006"/>
  <testcase classname="MainPackage.FirstTestinTestNG" name="clickonprofilebutton" time="0.003"/>
  <testcase classname="MainPackage.FirstTestinTestNG" name="clickonprofilebutton2" time="0.005"/>
</testsuite> <!-- MainPackage.FirstTestinTestNG -->
