<?xml version="1.0" encoding="UTF-8"?>
<!-- Generated by org.testng.reporters.JUnitReportReporter -->
<testsuite hostname="DESKTOP-A766M3G" failures="0" tests="1" name="MainPackage.HandleParameter" time="47.837" errors="0" timestamp="05 Jul 2020 05:55:16 GMT" skipped="0">
  <testcase classname="MainPackage.HandleParameter" name="testwithparameter" time="47.837"/>
</testsuite> <!-- MainPackage.HandleParameter -->
