<?xml version="1.0" encoding="UTF-8"?>
<!-- Generated by org.testng.reporters.JUnitReportReporter -->
<testsuite hostname="DESKTOP-A766M3G" failures="0" tests="2" name="MainPackage.ConceptDataprovider" time="0.035" errors="0" timestamp="11 Jul 2020 06:01:49 GMT" skipped="0">
  <testcase classname="MainPackage.ConceptDataprovider" name="test1" time="0.005"/>
  <testcase classname="MainPackage.ConceptDataprovider" name="test1" time="0.030"/>
</testsuite> <!-- MainPackage.ConceptDataprovider -->
