<?xml version="1.0" encoding="UTF-8"?>
<!-- Generated by org.testng.reporters.JUnitReportReporter -->
<testsuite hostname="DESKTOP-A766M3G" failures="0" tests="1" name="MainPackage.handleException" time="0.021" errors="0" timestamp="28 Jun 2020 06:56:57 GMT" skipped="0">
  <testcase classname="MainPackage.handleException" name="testexception" time="0.021"/>
</testsuite> <!-- MainPackage.handleException -->
