<?xml version="1.0" encoding="UTF-8"?>
<!-- Generated by org.testng.reporters.JUnitReportReporter -->
<testsuite hostname="DESKTOP-A766M3G" failures="0" tests="1" name="MainPackage.FirstTest" time="0.026" errors="0" timestamp="28 Jun 2020 05:33:20 GMT" skipped="0">
  <testcase classname="MainPackage.FirstTest" name="testFacebooktitle" time="0.026"/>
</testsuite> <!-- MainPackage.FirstTest -->
