<?xml version="1.0" encoding="UTF-8"?>
<!-- Generated by org.testng.reporters.JUnitReportReporter -->
<testsuite hostname="DESKTOP-A766M3G" failures="0" tests="1" name="MainPackage.Assertionhandle" time="13.640" errors="0" timestamp="04 Jul 2020 06:50:54 GMT" skipped="0">
  <testcase classname="MainPackage.Assertionhandle" name="logintofacebook" time="13.640"/>
</testsuite> <!-- MainPackage.Assertionhandle -->
