<?xml version="1.0" encoding="UTF-8"?>
<!-- Generated by org.testng.reporters.JUnitReportReporter -->
<testsuite hostname="DESKTOP-A766M3G" failures="0" tests="10" name="MainPackage.InnvocationCountTest" time="0.055" errors="0" timestamp="28 Jun 2020 06:36:50 GMT" skipped="0">
  <testcase classname="MainPackage.InnvocationCountTest" name="sum" time="0.000"/>
  <testcase classname="MainPackage.InnvocationCountTest" name="sum" time="0.015"/>
  <testcase classname="MainPackage.InnvocationCountTest" name="sum" time="0.000"/>
  <testcase classname="MainPackage.InnvocationCountTest" name="sum" time="0.020"/>
  <testcase classname="MainPackage.InnvocationCountTest" name="sum" time="0.000"/>
  <testcase classname="MainPackage.InnvocationCountTest" name="sum" time="0.014"/>
  <testcase classname="MainPackage.InnvocationCountTest" name="sum" time="0.000"/>
  <testcase classname="MainPackage.InnvocationCountTest" name="sum" time="0.000"/>
  <testcase classname="MainPackage.InnvocationCountTest" name="sum" time="0.006"/>
  <testcase classname="MainPackage.InnvocationCountTest" name="sum" time="0.000"/>
</testsuite> <!-- MainPackage.InnvocationCountTest -->
